<?xml version="1.0" encoding="UTF-8"?>
<!-- Generated by org.testng.reporters.JUnitReportReporter -->
<testsuite hostname="DESKTOP-OPFM0UN" failures="0" tests="4" name="api.test.UserTests" time="8.728" errors="0" timestamp="2023-12-10T09:29:11 IST" skipped="0">
  <testcase classname="api.test.UserTests" name="testPostUser" time="3.500"/>
  <system-out/>
  <testcase classname="api.test.UserTests" name="testGetUser" time="1.365"/>
  <system-out/>
  <testcase classname="api.test.UserTests" name="testUpdateUser" time="2.579"/>
  <system-out/>
  <testcase classname="api.test.UserTests" name="testDeleteUser" time="1.284"/>
  <system-out/>
</testsuite> <!-- api.test.UserTests -->
