<?xml version="1.0" encoding="UTF-8"?>
<!-- Generated by org.testng.reporters.JUnitReportReporter -->
<testsuite hostname="DESKTOP-OPFM0UN" failures="0" tests="4" name="api.test.UserTests" time="9.429" errors="0" timestamp="2023-12-10T10:07:16 IST" skipped="0">
  <testcase classname="api.test.UserTests" name="testPostUser" time="4.076"/>
  <system-out/>
  <testcase classname="api.test.UserTests" name="testGetUser" time="1.360"/>
  <system-out/>
  <testcase classname="api.test.UserTests" name="testUpdateUser" time="2.636"/>
  <system-out/>
  <testcase classname="api.test.UserTests" name="testDeleteUser" time="1.357"/>
  <system-out/>
</testsuite> <!-- api.test.UserTests -->
